[debug] [2022-07-17T11:53:36.438Z] ----------------------------------------------------------------------
[debug] [2022-07-17T11:53:36.440Z] Command:       C:\Program Files\nodejs\node.exe C:\Users\Hasbi\AppData\Roaming\npm\node_modules\firebase-tools\lib\bin\firebase.js init
[debug] [2022-07-17T11:53:36.440Z] CLI Version:   11.2.2
[debug] [2022-07-17T11:53:36.440Z] Platform:      win32
[debug] [2022-07-17T11:53:36.440Z] Node Version:  v18.4.0
[debug] [2022-07-17T11:53:36.441Z] Time:          Sun Jul 17 2022 18:53:36 GMT+0700 (Western Indonesia Time)
[debug] [2022-07-17T11:53:36.441Z] ----------------------------------------------------------------------
[debug] 
[debug] [2022-07-17T11:53:36.448Z] > command requires scopes: ["email","openid","https://www.googleapis.com/auth/cloudplatformprojects.readonly","https://www.googleapis.com/auth/firebase","https://www.googleapis.com/auth/cloud-platform"]
[debug] [2022-07-17T11:53:36.448Z] > authorizing via signed-in user (spacearkchief@gmail.com)
[info] 
     ######## #### ########  ######## ########     ###     ######  ########
     ##        ##  ##     ## ##       ##     ##  ##   ##  ##       ##
     ######    ##  ########  ######   ########  #########  ######  ######
     ##        ##  ##    ##  ##       ##     ## ##     ##       ## ##
     ##       #### ##     ## ######## ########  ##     ##  ######  ########

You're about to initialize a Firebase project in this directory:

  D:\Projects\Bjm\v2\bjm-v2

[info] 
=== Project Setup
[info] 
[info] First, let's associate this project directory with a Firebase project.
[info] You can create multiple project aliases by running firebase use --add, 
[info] but for now we'll just set up a default project.
[info] 
[debug] [2022-07-17T11:54:09.095Z] >>> [apiv2][query] GET https://firebase.googleapis.com/v1beta1/projects pageSize=100
[debug] [2022-07-17T11:54:10.108Z] <<< [apiv2][status] GET https://firebase.googleapis.com/v1beta1/projects 200
[debug] [2022-07-17T11:54:10.109Z] <<< [apiv2][body] GET https://firebase.googleapis.com/v1beta1/projects [omitted]
[info] i  Using project du-solution (BJM-V2) 
[info] 
=== Hosting Setup
[info] 
[info] Your public directory is the folder (relative to your project directory) that
[info] will contain Hosting assets to be uploaded with firebase deploy. If you
[info] have a build process for your assets, use your build's output directory.
[info] 
